2019-08-31 13:09:17.604  INFO 6692 --- [restartedMain] com.lm.community.CommunityApplication    : Starting CommunityApplication on MS-201701052125 with PID 6692 (F:\community\target\classes started by Administrator in F:\community)
2019-08-31 13:09:17.612  INFO 6692 --- [restartedMain] com.lm.community.CommunityApplication    : No active profile set, falling back to default profiles: default
2019-08-31 13:09:17.689  INFO 6692 --- [restartedMain] .e.DevToolsPropertyDefaultsPostProcessor : Devtools property defaults active! Set 'spring.devtools.add-properties' to 'false' to disable
2019-08-31 13:09:17.689  INFO 6692 --- [restartedMain] .e.DevToolsPropertyDefaultsPostProcessor : For additional web related logging consider setting the 'logging.level.web' property to 'DEBUG'
2019-08-31 13:09:20.733  INFO 6692 --- [restartedMain] o.s.b.w.embedded.tomcat.TomcatWebServer  : Tomcat initialized with port(s): 8080 (http)
2019-08-31 13:09:20.783  INFO 6692 --- [restartedMain] o.apache.catalina.core.StandardService   : Starting service [Tomcat]
2019-08-31 13:09:20.783  INFO 6692 --- [restartedMain] org.apache.catalina.core.StandardEngine  : Starting Servlet engine: [Apache Tomcat/9.0.22]
2019-08-31 13:09:21.073  INFO 6692 --- [restartedMain] o.a.c.c.C.[Tomcat].[localhost].[/]       : Initializing Spring embedded WebApplicationContext
2019-08-31 13:09:21.074  INFO 6692 --- [restartedMain] o.s.web.context.ContextLoader            : Root WebApplicationContext: initialization completed in 3385 ms
2019-08-31 13:09:21.869  INFO 6692 --- [restartedMain] o.s.s.concurrent.ThreadPoolTaskExecutor  : Initializing ExecutorService 'applicationTaskExecutor'
2019-08-31 13:09:21.999  INFO 6692 --- [restartedMain] o.s.b.a.w.s.WelcomePageHandlerMapping    : Adding welcome page template: index
2019-08-31 13:09:22.573  INFO 6692 --- [restartedMain] o.s.b.d.a.OptionalLiveReloadServer       : LiveReload server is running on port 35729
2019-08-31 13:09:22.663  INFO 6692 --- [restartedMain] o.s.b.w.embedded.tomcat.TomcatWebServer  : Tomcat started on port(s): 8080 (http) with context path ''
2019-08-31 13:09:22.663  INFO 6692 --- [restartedMain] com.lm.community.CommunityApplication    : Started CommunityApplication in 6.901 seconds (JVM running for 8.951)
2019-08-31 13:11:54.922  INFO 6692 --- [http-nio-8080-exec-1] o.a.c.c.C.[Tomcat].[localhost].[/]       : Initializing Spring DispatcherServlet 'dispatcherServlet'
2019-08-31 13:11:54.922  INFO 6692 --- [http-nio-8080-exec-1] o.s.web.servlet.DispatcherServlet        : Initializing Servlet 'dispatcherServlet'
2019-08-31 13:11:54.932  INFO 6692 --- [http-nio-8080-exec-1] o.s.web.servlet.DispatcherServlet        : Completed initialization in 10 ms
2019-08-31 13:11:54.982  INFO 6692 --- [http-nio-8080-exec-1] com.zaxxer.hikari.HikariDataSource       : HikariPool-1 - Starting...
2019-08-31 13:11:55.484  INFO 6692 --- [http-nio-8080-exec-1] com.zaxxer.hikari.HikariDataSource       : HikariPool-1 - Start completed.
2019-08-31 13:14:30.104  INFO 6692 --- [Thread-16] o.s.s.concurrent.ThreadPoolTaskExecutor  : Shutting down ExecutorService 'applicationTaskExecutor'
2019-08-31 13:14:30.107  INFO 6692 --- [Thread-16] com.zaxxer.hikari.HikariDataSource       : HikariPool-1 - Shutdown initiated...
2019-08-31 13:14:30.120  INFO 6692 --- [Thread-16] com.zaxxer.hikari.HikariDataSource       : HikariPool-1 - Shutdown completed.
2019-08-31 13:14:30.901  INFO 6692 --- [restartedMain] com.lm.community.CommunityApplication    : Starting CommunityApplication on MS-201701052125 with PID 6692 (F:\community\target\classes started by Administrator in F:\community)
2019-08-31 13:14:30.901  INFO 6692 --- [restartedMain] com.lm.community.CommunityApplication    : No active profile set, falling back to default profiles: default
2019-08-31 13:14:31.653  INFO 6692 --- [restartedMain] o.s.b.w.embedded.tomcat.TomcatWebServer  : Tomcat initialized with port(s): 8080 (http)
2019-08-31 13:14:31.653  INFO 6692 --- [restartedMain] o.apache.catalina.core.StandardService   : Starting service [Tomcat]
2019-08-31 13:14:31.653  INFO 6692 --- [restartedMain] org.apache.catalina.core.StandardEngine  : Starting Servlet engine: [Apache Tomcat/9.0.22]
2019-08-31 13:14:31.703  INFO 6692 --- [restartedMain] o.a.c.c.C.[Tomcat].[localhost].[/]       : Initializing Spring embedded WebApplicationContext
2019-08-31 13:14:31.703  INFO 6692 --- [restartedMain] o.s.web.context.ContextLoader            : Root WebApplicationContext: initialization completed in 792 ms
2019-08-31 13:14:31.723  WARN 6692 --- [restartedMain] o.a.c.c.C.[Tomcat].[localhost].[/]       : Cannot deserialize session attribute [new] for session [66997FD66094DFB34C8CF35FF8AC3766]
2019-08-31 13:14:31.733 ERROR 6692 --- [restartedMain] o.a.catalina.session.StandardManager     : Exception loading sessions from persistent storage

java.lang.InstantiationError: java.io.ObjectStreamException
	at sun.reflect.GeneratedSerializationConstructorAccessor39.newInstance(Unknown Source) ~[na:na]
	at java.lang.reflect.Constructor.newInstance(Constructor.java:423) ~[na:1.8.0_91]
	at java.io.ObjectStreamClass.newInstance(ObjectStreamClass.java:1006) ~[na:1.8.0_91]
	at java.io.ObjectInputStream.readOrdinaryObject(ObjectInputStream.java:1792) ~[na:1.8.0_91]
	at java.io.ObjectInputStream.readObject0(ObjectInputStream.java:1353) ~[na:1.8.0_91]
	at java.io.ObjectInputStream.readObject(ObjectInputStream.java:373) ~[na:1.8.0_91]
	at org.apache.catalina.session.StandardSession.doReadObject(StandardSession.java:1576) ~[tomcat-embed-core-9.0.22.jar:9.0.22]
	at org.apache.catalina.session.StandardSession.readObjectData(StandardSession.java:1048) ~[tomcat-embed-core-9.0.22.jar:9.0.22]
	at org.apache.catalina.session.StandardManager.doLoad(StandardManager.java:218) ~[tomcat-embed-core-9.0.22.jar:9.0.22]
	at org.apache.catalina.session.StandardManager.load(StandardManager.java:162) ~[tomcat-embed-core-9.0.22.jar:9.0.22]
	at org.apache.catalina.session.StandardManager.startInternal(StandardManager.java:354) ~[tomcat-embed-core-9.0.22.jar:9.0.22]
	at org.apache.catalina.util.LifecycleBase.start(LifecycleBase.java:183) [tomcat-embed-core-9.0.22.jar:9.0.22]
	at org.apache.catalina.core.StandardContext.startInternal(StandardContext.java:5160) [tomcat-embed-core-9.0.22.jar:9.0.22]
	at org.apache.catalina.util.LifecycleBase.start(LifecycleBase.java:183) [tomcat-embed-core-9.0.22.jar:9.0.22]
	at org.apache.catalina.core.ContainerBase$StartChild.call(ContainerBase.java:1384) [tomcat-embed-core-9.0.22.jar:9.0.22]
	at org.apache.catalina.core.ContainerBase$StartChild.call(ContainerBase.java:1374) [tomcat-embed-core-9.0.22.jar:9.0.22]
	at java.util.concurrent.FutureTask.run(FutureTask.java:266) [na:1.8.0_91]
	at org.apache.tomcat.util.threads.InlineExecutorService.execute(InlineExecutorService.java:75) [tomcat-embed-core-9.0.22.jar:9.0.22]
	at java.util.concurrent.AbstractExecutorService.submit(AbstractExecutorService.java:134) [na:1.8.0_91]
	at org.apache.catalina.core.ContainerBase.startInternal(ContainerBase.java:909) [tomcat-embed-core-9.0.22.jar:9.0.22]
	at org.apache.catalina.core.StandardHost.startInternal(StandardHost.java:841) [tomcat-embed-core-9.0.22.jar:9.0.22]
	at org.apache.catalina.util.LifecycleBase.start(LifecycleBase.java:183) [tomcat-embed-core-9.0.22.jar:9.0.22]
	at org.apache.catalina.core.ContainerBase$StartChild.call(ContainerBase.java:1384) [tomcat-embed-core-9.0.22.jar:9.0.22]
	at org.apache.catalina.core.ContainerBase$StartChild.call(ContainerBase.java:1374) [tomcat-embed-core-9.0.22.jar:9.0.22]
	at java.util.concurrent.FutureTask.run(FutureTask.java:266) [na:1.8.0_91]
	at org.apache.tomcat.util.threads.InlineExecutorService.execute(InlineExecutorService.java:75) [tomcat-embed-core-9.0.22.jar:9.0.22]
	at java.util.concurrent.AbstractExecutorService.submit(AbstractExecutorService.java:134) [na:1.8.0_91]
	at org.apache.catalina.core.ContainerBase.startInternal(ContainerBase.java:909) [tomcat-embed-core-9.0.22.jar:9.0.22]
	at org.apache.catalina.core.StandardEngine.startInternal(StandardEngine.java:262) [tomcat-embed-core-9.0.22.jar:9.0.22]
	at org.apache.catalina.util.LifecycleBase.start(LifecycleBase.java:183) [tomcat-embed-core-9.0.22.jar:9.0.22]
	at org.apache.catalina.core.StandardService.startInternal(StandardService.java:421) [tomcat-embed-core-9.0.22.jar:9.0.22]
	at org.apache.catalina.util.LifecycleBase.start(LifecycleBase.java:183) [tomcat-embed-core-9.0.22.jar:9.0.22]
	at org.apache.catalina.core.StandardServer.startInternal(StandardServer.java:932) [tomcat-embed-core-9.0.22.jar:9.0.22]
	at org.apache.catalina.util.LifecycleBase.start(LifecycleBase.java:183) [tomcat-embed-core-9.0.22.jar:9.0.22]
	at org.apache.catalina.startup.Tomcat.start(Tomcat.java:456) [tomcat-embed-core-9.0.22.jar:9.0.22]
	at org.springframework.boot.web.embedded.tomcat.TomcatWebServer.initialize(TomcatWebServer.java:105) [spring-boot-2.1.7.RELEASE.jar:2.1.7.RELEASE]
	at org.springframework.boot.web.embedded.tomcat.TomcatWebServer.<init>(TomcatWebServer.java:86) [spring-boot-2.1.7.RELEASE.jar:2.1.7.RELEASE]
	at org.springframework.boot.web.embedded.tomcat.TomcatServletWebServerFactory.getTomcatWebServer(TomcatServletWebServerFactory.java:416) [spring-boot-2.1.7.RELEASE.jar:2.1.7.RELEASE]
	at org.springframework.boot.web.embedded.tomcat.TomcatServletWebServerFactory.getWebServer(TomcatServletWebServerFactory.java:180) [spring-boot-2.1.7.RELEASE.jar:2.1.7.RELEASE]
	at org.springframework.boot.web.servlet.context.ServletWebServerApplicationContext.createWebServer(ServletWebServerApplicationContext.java:180) [spring-boot-2.1.7.RELEASE.jar:2.1.7.RELEASE]
	at org.springframework.boot.web.servlet.context.ServletWebServerApplicationContext.onRefresh(ServletWebServerApplicationContext.java:153) [spring-boot-2.1.7.RELEASE.jar:2.1.7.RELEASE]
	at org.springframework.context.support.AbstractApplicationContext.refresh(AbstractApplicationContext.java:543) [spring-context-5.1.9.RELEASE.jar:5.1.9.RELEASE]
	at org.springframework.boot.web.servlet.context.ServletWebServerApplicationContext.refresh(ServletWebServerApplicationContext.java:141) [spring-boot-2.1.7.RELEASE.jar:2.1.7.RELEASE]
	at org.springframework.boot.SpringApplication.refresh(SpringApplication.java:743) [spring-boot-2.1.7.RELEASE.jar:2.1.7.RELEASE]
	at org.springframework.boot.SpringApplication.refreshContext(SpringApplication.java:390) [spring-boot-2.1.7.RELEASE.jar:2.1.7.RELEASE]
	at org.springframework.boot.SpringApplication.run(SpringApplication.java:312) [spring-boot-2.1.7.RELEASE.jar:2.1.7.RELEASE]
	at org.springframework.boot.SpringApplication.run(SpringApplication.java:1214) [spring-boot-2.1.7.RELEASE.jar:2.1.7.RELEASE]
	at org.springframework.boot.SpringApplication.run(SpringApplication.java:1203) [spring-boot-2.1.7.RELEASE.jar:2.1.7.RELEASE]
	at com.lm.community.CommunityApplication.main(CommunityApplication.java:10) [classes/:na]
	at sun.reflect.NativeMethodAccessorImpl.invoke0(Native Method) ~[na:1.8.0_91]
	at sun.reflect.NativeMethodAccessorImpl.invoke(NativeMethodAccessorImpl.java:62) ~[na:1.8.0_91]
	at sun.reflect.DelegatingMethodAccessorImpl.invoke(DelegatingMethodAccessorImpl.java:43) ~[na:1.8.0_91]
	at java.lang.reflect.Method.invoke(Method.java:498) ~[na:1.8.0_91]
	at org.springframework.boot.devtools.restart.RestartLauncher.run(RestartLauncher.java:49) [spring-boot-devtools-2.1.7.RELEASE.jar:2.1.7.RELEASE]

2019-08-31 13:14:32.025  INFO 6692 --- [restartedMain] o.s.s.concurrent.ThreadPoolTaskExecutor  : Initializing ExecutorService 'applicationTaskExecutor'
2019-08-31 13:14:32.065  INFO 6692 --- [restartedMain] o.s.b.a.w.s.WelcomePageHandlerMapping    : Adding welcome page template: index
2019-08-31 13:14:32.265  INFO 6692 --- [restartedMain] o.s.b.d.a.OptionalLiveReloadServer       : LiveReload server is running on port 35729
2019-08-31 13:14:32.325  INFO 6692 --- [restartedMain] o.s.b.w.embedded.tomcat.TomcatWebServer  : Tomcat started on port(s): 8080 (http) with context path ''
2019-08-31 13:14:32.325  INFO 6692 --- [restartedMain] com.lm.community.CommunityApplication    : Started CommunityApplication in 1.456 seconds (JVM running for 318.606)
2019-08-31 13:14:32.338  INFO 6692 --- [restartedMain] .ConditionEvaluationDeltaLoggingListener : Condition evaluation unchanged
2019-08-31 13:14:55.134  INFO 6692 --- [Thread-24] o.s.s.concurrent.ThreadPoolTaskExecutor  : Shutting down ExecutorService 'applicationTaskExecutor'
2019-08-31 13:14:56.013 ERROR 6692 --- [restartedMain] o.s.b.c.l.LoggingApplicationListener     : Cannot set level '' for 'file'
2019-08-31 13:14:56.023  INFO 6692 --- [restartedMain] com.lm.community.CommunityApplication    : Starting CommunityApplication on MS-201701052125 with PID 6692 (F:\community\target\classes started by Administrator in F:\community)
2019-08-31 13:14:56.023  INFO 6692 --- [restartedMain] com.lm.community.CommunityApplication    : No active profile set, falling back to default profiles: default
2019-08-31 13:14:56.820  INFO 6692 --- [restartedMain] o.s.b.w.embedded.tomcat.TomcatWebServer  : Tomcat initialized with port(s): 8080 (http)
2019-08-31 13:14:56.820  INFO 6692 --- [restartedMain] o.apache.catalina.core.StandardService   : Starting service [Tomcat]
2019-08-31 13:14:56.820  INFO 6692 --- [restartedMain] org.apache.catalina.core.StandardEngine  : Starting Servlet engine: [Apache Tomcat/9.0.22]
2019-08-31 13:14:56.872  INFO 6692 --- [restartedMain] o.a.c.c.C.[Tomcat].[localhost].[/]       : Initializing Spring embedded WebApplicationContext
2019-08-31 13:14:56.872  INFO 6692 --- [restartedMain] o.s.web.context.ContextLoader            : Root WebApplicationContext: initialization completed in 839 ms
2019-08-31 13:14:57.224  INFO 6692 --- [restartedMain] o.s.s.concurrent.ThreadPoolTaskExecutor  : Initializing ExecutorService 'applicationTaskExecutor'
2019-08-31 13:14:57.274  INFO 6692 --- [restartedMain] o.s.b.a.w.s.WelcomePageHandlerMapping    : Adding welcome page template: index
2019-08-31 13:14:57.526  INFO 6692 --- [restartedMain] o.s.b.d.a.OptionalLiveReloadServer       : LiveReload server is running on port 35729
2019-08-31 13:14:57.566  INFO 6692 --- [restartedMain] o.s.b.w.embedded.tomcat.TomcatWebServer  : Tomcat started on port(s): 8080 (http) with context path ''
2019-08-31 13:14:57.576  INFO 6692 --- [restartedMain] com.lm.community.CommunityApplication    : Started CommunityApplication in 1.598 seconds (JVM running for 343.849)
2019-08-31 13:14:57.576  INFO 6692 --- [restartedMain] .ConditionEvaluationDeltaLoggingListener : Condition evaluation unchanged
2019-08-31 13:15:13.426  INFO 6692 --- [Thread-30] o.s.s.concurrent.ThreadPoolTaskExecutor  : Shutting down ExecutorService 'applicationTaskExecutor'
2019-08-31 13:15:14.024 ERROR 6692 --- [restartedMain] o.s.b.c.l.LoggingApplicationListener     : Cannot set level '' for 'file.com.lm.community.Dao'
2019-08-31 13:15:14.034  INFO 6692 --- [restartedMain] com.lm.community.CommunityApplication    : Starting CommunityApplication on MS-201701052125 with PID 6692 (F:\community\target\classes started by Administrator in F:\community)
2019-08-31 13:15:14.034  INFO 6692 --- [restartedMain] com.lm.community.CommunityApplication    : No active profile set, falling back to default profiles: default
2019-08-31 13:15:14.897  INFO 6692 --- [restartedMain] o.s.b.w.embedded.tomcat.TomcatWebServer  : Tomcat initialized with port(s): 8080 (http)
2019-08-31 13:15:14.897  INFO 6692 --- [restartedMain] o.apache.catalina.core.StandardService   : Starting service [Tomcat]
2019-08-31 13:15:14.897  INFO 6692 --- [restartedMain] org.apache.catalina.core.StandardEngine  : Starting Servlet engine: [Apache Tomcat/9.0.22]
2019-08-31 13:15:14.947  INFO 6692 --- [restartedMain] o.a.c.c.C.[Tomcat].[localhost].[/]       : Initializing Spring embedded WebApplicationContext
2019-08-31 13:15:14.947  INFO 6692 --- [restartedMain] o.s.web.context.ContextLoader            : Root WebApplicationContext: initialization completed in 893 ms
2019-08-31 13:15:15.311  INFO 6692 --- [restartedMain] o.s.s.concurrent.ThreadPoolTaskExecutor  : Initializing ExecutorService 'applicationTaskExecutor'
2019-08-31 13:15:15.361  INFO 6692 --- [restartedMain] o.s.b.a.w.s.WelcomePageHandlerMapping    : Adding welcome page template: index
2019-08-31 13:15:15.726  INFO 6692 --- [restartedMain] o.s.b.d.a.OptionalLiveReloadServer       : LiveReload server is running on port 35729
2019-08-31 13:15:15.817  INFO 6692 --- [restartedMain] o.s.b.w.embedded.tomcat.TomcatWebServer  : Tomcat started on port(s): 8080 (http) with context path ''
2019-08-31 13:15:15.817  INFO 6692 --- [restartedMain] com.lm.community.CommunityApplication    : Started CommunityApplication in 1.833 seconds (JVM running for 362.096)
2019-08-31 13:15:15.827  INFO 6692 --- [restartedMain] .ConditionEvaluationDeltaLoggingListener : Condition evaluation unchanged
2019-08-31 13:15:25.269  INFO 7808 --- [restartedMain] com.lm.community.CommunityApplication    : Starting CommunityApplication on MS-201701052125 with PID 7808 (F:\community\target\classes started by Administrator in F:\community)
2019-08-31 13:15:25.274  INFO 7808 --- [restartedMain] com.lm.community.CommunityApplication    : No active profile set, falling back to default profiles: default
2019-08-31 13:15:25.354  INFO 7808 --- [restartedMain] .e.DevToolsPropertyDefaultsPostProcessor : Devtools property defaults active! Set 'spring.devtools.add-properties' to 'false' to disable
2019-08-31 13:15:25.369  INFO 7808 --- [restartedMain] .e.DevToolsPropertyDefaultsPostProcessor : For additional web related logging consider setting the 'logging.level.web' property to 'DEBUG'
2019-08-31 13:15:28.587  INFO 7808 --- [restartedMain] o.s.b.w.embedded.tomcat.TomcatWebServer  : Tomcat initialized with port(s): 8080 (http)
2019-08-31 13:15:28.634  INFO 7808 --- [restartedMain] o.apache.catalina.core.StandardService   : Starting service [Tomcat]
2019-08-31 13:15:28.634  INFO 7808 --- [restartedMain] org.apache.catalina.core.StandardEngine  : Starting Servlet engine: [Apache Tomcat/9.0.22]
2019-08-31 13:15:28.866  INFO 7808 --- [restartedMain] o.a.c.c.C.[Tomcat].[localhost].[/]       : Initializing Spring embedded WebApplicationContext
2019-08-31 13:15:28.866  INFO 7808 --- [restartedMain] o.s.web.context.ContextLoader            : Root WebApplicationContext: initialization completed in 3496 ms
2019-08-31 13:15:29.792  INFO 7808 --- [restartedMain] o.s.s.concurrent.ThreadPoolTaskExecutor  : Initializing ExecutorService 'applicationTaskExecutor'
2019-08-31 13:15:29.922  INFO 7808 --- [restartedMain] o.s.b.a.w.s.WelcomePageHandlerMapping    : Adding welcome page template: index
2019-08-31 13:15:30.516  INFO 7808 --- [restartedMain] o.s.b.d.a.OptionalLiveReloadServer       : LiveReload server is running on port 35729
2019-08-31 13:15:30.616  INFO 7808 --- [restartedMain] o.s.b.w.embedded.tomcat.TomcatWebServer  : Tomcat started on port(s): 8080 (http) with context path ''
2019-08-31 13:15:30.616  INFO 7808 --- [restartedMain] com.lm.community.CommunityApplication    : Started CommunityApplication in 7.053 seconds (JVM running for 8.99)
